{"E:\\Workspace\\bank\\src\\App\\App.tsx": {"path":"E:\\Workspace\\bank\\src\\App\\App.tsx","statementMap":{"0":{"start":{"line":1,"column":0},"end":{"line":1,"column":40}},"1":{"start":{"line":2,"column":0},"end":{"line":2,"column":36}},"2":{"start":{"line":4,"column":0},"end":{"line":4,"column":77}},"3":{"start":{"line":7,"column":0},"end":{"line":7,"column":41}},"4":{"start":{"line":8,"column":0},"end":{"line":8,"column":41}},"5":{"start":{"line":9,"column":0},"end":{"line":9,"column":47}},"6":{"start":{"line":11,"column":27},"end":{"line":11,"column":33}},"7":{"start":{"line":15,"column":2},"end":{"line":17,"column":4}},"8":{"start":{"line":16,"column":4},"end":{"line":16,"column":29}},"9":{"start":{"line":20,"column":4},"end":{"line":52,"column":6}},"10":{"start":{"line":56,"column":0},"end":{"line":56,"column":19}}},"fnMap":{"0":{"name":"(anonymous_7)","decl":{"start":{"line":13,"column":0},"end":{"line":13,"column":6}},"loc":{"start":{"line":13,"column":0},"end":{"line":54,"column":1}}},"1":{"name":"(anonymous_8)","decl":{"start":{"line":15,"column":16},"end":{"line":15,"column":17}},"loc":{"start":{"line":15,"column":20},"end":{"line":17,"column":3}}},"2":{"name":"(anonymous_9)","decl":{"start":{"line":19,"column":2},"end":{"line":19,"column":8}},"loc":{"start":{"line":19,"column":8},"end":{"line":53,"column":3}}}},"branchMap":{},"s":{"0":1,"1":1,"2":1,"3":1,"4":1,"5":1,"6":1,"7":1,"8":0,"9":1,"10":1},"f":{"0":1,"1":0,"2":1},"b":{}}
,"E:\\Workspace\\bank\\src\\Dashboard\\Dashboard.tsx": {"path":"E:\\Workspace\\bank\\src\\Dashboard\\Dashboard.tsx","statementMap":{"0":{"start":{"line":1,"column":0},"end":{"line":1,"column":40}},"1":{"start":{"line":5,"column":4},"end":{"line":9,"column":6}},"2":{"start":{"line":13,"column":0},"end":{"line":13,"column":25}}},"fnMap":{"0":{"name":"(anonymous_6)","decl":{"start":{"line":4,"column":2},"end":{"line":4,"column":8}},"loc":{"start":{"line":4,"column":8},"end":{"line":10,"column":3}}}},"branchMap":{},"s":{"0":2,"1":1,"2":2},"f":{"0":1},"b":{}}
,"E:\\Workspace\\bank\\src\\Profile\\Profile.tsx": {"path":"E:\\Workspace\\bank\\src\\Profile\\Profile.tsx","statementMap":{"0":{"start":{"line":1,"column":0},"end":{"line":1,"column":41}},"1":{"start":{"line":3,"column":0},"end":{"line":3,"column":42}},"2":{"start":{"line":4,"column":0},"end":{"line":4,"column":49}},"3":{"start":{"line":6,"column":0},"end":{"line":6,"column":53}},"4":{"start":{"line":10,"column":24},"end":{"line":10,"column":34}},"5":{"start":{"line":11,"column":18},"end":{"line":14,"column":2}},"6":{"start":{"line":18,"column":2},"end":{"line":20,"column":4}},"7":{"start":{"line":29,"column":2},"end":{"line":31,"column":4}},"8":{"start":{"line":30,"column":4},"end":{"line":30,"column":29}},"9":{"start":{"line":23,"column":17},"end":{"line":23,"column":47}},"10":{"start":{"line":25,"column":4},"end":{"line":25,"column":63}},"11":{"start":{"line":26,"column":4},"end":{"line":26,"column":34}},"12":{"start":{"line":34,"column":15},"end":{"line":34,"column":43}},"13":{"start":{"line":36,"column":4},"end":{"line":54,"column":6}},"14":{"start":{"line":58,"column":0},"end":{"line":58,"column":23}}},"fnMap":{"0":{"name":"(anonymous_14)","decl":{"start":{"line":16,"column":0},"end":{"line":16,"column":6}},"loc":{"start":{"line":16,"column":0},"end":{"line":56,"column":1}}},"1":{"name":"(anonymous_15)","decl":{"start":{"line":29,"column":16},"end":{"line":29,"column":17}},"loc":{"start":{"line":29,"column":20},"end":{"line":31,"column":3}}},"2":{"name":"(anonymous_16)","decl":{"start":{"line":22,"column":8},"end":{"line":22,"column":25}},"loc":{"start":{"line":22,"column":25},"end":{"line":27,"column":null}}},"3":{"name":"(anonymous_18)","decl":{"start":{"line":33,"column":2},"end":{"line":33,"column":8}},"loc":{"start":{"line":33,"column":8},"end":{"line":55,"column":3}}}},"branchMap":{"0":{"loc":{"start":{"line":34,"column":15},"end":{"line":34,"column":30}},"type":"binary-expr","locations":[{"start":{"line":34,"column":15},"end":{"line":34,"column":30}},{"start":{"line":34,"column":34},"end":{"line":34,"column":43}}]}},"s":{"0":2,"1":2,"2":2,"3":2,"4":2,"5":2,"6":2,"7":2,"8":0,"9":2,"10":0,"11":0,"12":2,"13":2,"14":2},"f":{"0":2,"1":0,"2":2,"3":2},"b":{"0":[2,2]}}
,"E:\\Workspace\\bank\\src\\Reports\\Reports.tsx": {"path":"E:\\Workspace\\bank\\src\\Reports\\Reports.tsx","statementMap":{"0":{"start":{"line":1,"column":0},"end":{"line":1,"column":40}},"1":{"start":{"line":5,"column":4},"end":{"line":9,"column":6}},"2":{"start":{"line":13,"column":0},"end":{"line":13,"column":23}}},"fnMap":{"0":{"name":"(anonymous_6)","decl":{"start":{"line":4,"column":2},"end":{"line":4,"column":8}},"loc":{"start":{"line":4,"column":8},"end":{"line":10,"column":3}}}},"branchMap":{},"s":{"0":2,"1":1,"2":2},"f":{"0":1},"b":{}}
,"E:\\Workspace\\bank\\src\\model\\DelayedProfileService.tsx": {"path":"E:\\Workspace\\bank\\src\\model\\DelayedProfileService.tsx","statementMap":{"0":{"start":{"line":1,"column":0},"end":{"line":1,"column":46}},"1":{"start":{"line":3,"column":16},"end":{"line":3,"column":36}},"2":{"start":{"line":5,"column":20},"end":{"line":5,"column":23}},"3":{"start":{"line":7,"column":14},"end":{"line":9,"column":2}},"4":{"start":{"line":7,"column":25},"end":{"line":9,"column":2}},"5":{"start":{"line":8,"column":2},"end":{"line":8,"column":31}},"6":{"start":{"line":11,"column":23},"end":{"line":14,"column":2}},"7":{"start":{"line":11,"column":34},"end":{"line":14,"column":2}},"8":{"start":{"line":12,"column":2},"end":{"line":12,"column":27}},"9":{"start":{"line":13,"column":2},"end":{"line":13,"column":34}},"10":{"start":{"line":16,"column":0},"end":{"line":18,"column":2}}},"fnMap":{"0":{"name":"(anonymous_8)","decl":{"start":{"line":7,"column":14},"end":{"line":7,"column":21}},"loc":{"start":{"line":7,"column":25},"end":{"line":9,"column":2}}},"1":{"name":"(anonymous_9)","decl":{"start":{"line":7,"column":37},"end":{"line":7,"column":44}},"loc":{"start":{"line":7,"column":47},"end":{"line":9,"column":1}}},"2":{"name":"(anonymous_10)","decl":{"start":{"line":11,"column":23},"end":{"line":11,"column":32}},"loc":{"start":{"line":11,"column":34},"end":{"line":14,"column":2}}},"3":{"name":"(anonymous_11)","decl":{"start":{"line":11,"column":34},"end":{"line":11,"column":null}},"loc":{"start":{"line":11,"column":34},"end":{"line":14,"column":1}}}},"branchMap":{},"s":{"0":2,"1":2,"2":2,"3":2,"4":2,"5":2,"6":2,"7":2,"8":2,"9":0,"10":2},"f":{"0":2,"1":2,"2":2,"3":2},"b":{}}
,"E:\\Workspace\\bank\\src\\model\\ProfileService.tsx": {"path":"E:\\Workspace\\bank\\src\\model\\ProfileService.tsx","statementMap":{"0":{"start":{"line":7,"column":4},"end":{"line":17,"column":null}},"1":{"start":{"line":8,"column":18},"end":{"line":8,"column":52}},"2":{"start":{"line":10,"column":6},"end":{"line":11,"column":48}},"3":{"start":{"line":11,"column":8},"end":{"line":11,"column":48}},"4":{"start":{"line":13,"column":19},"end":{"line":13,"column":35}},"5":{"start":{"line":14,"column":6},"end":{"line":14,"column":18}},"6":{"start":{"line":16,"column":6},"end":{"line":16,"column":24}},"7":{"start":{"line":3,"column":0},"end":{"line":3,"column":21}}},"fnMap":{"0":{"name":"(anonymous_7)","decl":{"start":{"line":5,"column":8},"end":{"line":5,"column":22}},"loc":{"start":{"line":5,"column":22},"end":{"line":18,"column":null}}}},"branchMap":{"0":{"loc":{"start":{"line":10,"column":6},"end":{"line":11,"column":48}},"type":"if","locations":[{"start":{"line":10,"column":6},"end":{"line":11,"column":48}},{"start":{"line":10,"column":6},"end":{"line":11,"column":48}}]}},"s":{"0":1,"1":1,"2":1,"3":0,"4":1,"5":1,"6":0,"7":2},"f":{"0":1},"b":{"0":[0,1]}}
}
