TN:
SF:src\App\App.tsx
FN:13,(anonymous_7)
FN:15,(anonymous_8)
FN:19,(anonymous_9)
FNF:3
FNH:2
FNDA:1,(anonymous_7)
FNDA:0,(anonymous_8)
FNDA:1,(anonymous_9)
DA:1,1
DA:2,1
DA:4,1
DA:7,1
DA:8,1
DA:9,1
DA:11,1
DA:15,1
DA:16,0
DA:20,1
DA:56,1
LF:11
LH:10
BRF:0
BRH:0
end_of_record
TN:
SF:src\Dashboard\Dashboard.tsx
FN:4,(anonymous_6)
FNF:1
FNH:1
FNDA:1,(anonymous_6)
DA:1,2
DA:5,1
DA:13,2
LF:3
LH:3
BRF:0
BRH:0
end_of_record
TN:
SF:src\Profile\Profile.tsx
FN:16,(anonymous_14)
FN:29,(anonymous_15)
FN:22,(anonymous_16)
FN:33,(anonymous_18)
FNF:4
FNH:3
FNDA:2,(anonymous_14)
FNDA:0,(anonymous_15)
FNDA:2,(anonymous_16)
FNDA:2,(anonymous_18)
DA:1,2
DA:3,2
DA:4,2
DA:6,2
DA:10,2
DA:11,2
DA:18,2
DA:23,2
DA:25,0
DA:26,0
DA:29,2
DA:30,0
DA:34,2
DA:36,2
DA:58,2
LF:15
LH:12
BRDA:34,0,0,2
BRDA:34,0,1,2
BRF:2
BRH:2
end_of_record
TN:
SF:src\Reports\Reports.tsx
FN:4,(anonymous_6)
FNF:1
FNH:1
FNDA:1,(anonymous_6)
DA:1,2
DA:5,1
DA:13,2
LF:3
LH:3
BRF:0
BRH:0
end_of_record
TN:
SF:src\model\DelayedProfileService.tsx
FN:7,(anonymous_8)
FN:7,(anonymous_9)
FN:11,(anonymous_10)
FN:11,(anonymous_11)
FNF:4
FNH:4
FNDA:2,(anonymous_8)
FNDA:2,(anonymous_9)
FNDA:2,(anonymous_10)
FNDA:2,(anonymous_11)
DA:1,2
DA:3,2
DA:5,2
DA:7,2
DA:8,2
DA:11,2
DA:12,2
DA:13,0
DA:16,2
LF:9
LH:8
BRF:0
BRH:0
end_of_record
TN:
SF:src\model\ProfileService.tsx
FN:5,(anonymous_7)
FNF:1
FNH:1
FNDA:1,(anonymous_7)
DA:3,2
DA:7,1
DA:8,1
DA:10,1
DA:11,0
DA:13,1
DA:14,1
DA:16,0
LF:8
LH:6
BRDA:10,0,0,0
BRDA:10,0,1,1
BRF:2
BRH:1
end_of_record
